<?xml version="1.0" encoding="UTF-8"?>
<!-- Generated by org.testng.reporters.JUnitXMLReporter -->
<testsuite ignored="0" hostname="LAPTOP-E6VSSKQ9" failures="1" tests="2" name="Test" time="161.109" errors="0" timestamp="2025-05-01T15:03:49 IST">
  <testcase classname="Luma.Testcase2_Addtocart" name="testcase2" time="41.651">
    <failure type="org.openqa.selenium.ElementClickInterceptedException" message="element click intercepted: Element &amp;lt;span data-bind=&amp;quot;i18n: &amp;apos;...&amp;apos;&amp;quot;&amp;gt;Place Order&amp;lt;/span&amp;gt; is not clickable at point (868, 396). Other element would receive the click: &amp;lt;img alt=&amp;quot;Loading...&amp;quot; src=&amp;quot;https://magento.softwaretestingboard.com/pub/static/version1695896754/frontend/Magento/luma/en_US/images/loader-2.gif&amp;quot;&amp;gt;
  (Session info: chrome=135.0.7049.116)
Build info: version: &amp;apos;4.20.0&amp;apos;, revision: &amp;apos;866c76ca80&amp;apos;
System info: os.name: &amp;apos;Windows 11&amp;apos;, os.arch: &amp;apos;amd64&amp;apos;, os.version: &amp;apos;10.0&amp;apos;, java.version: &amp;apos;22.0.2&amp;apos;
Driver info: org.openqa.selenium.chrome.ChromeDriver
Command: [2954dcba15def434a56ff79bee15f205, clickElement {id=f.F58EF62B502B8133073FF87812D5E926.d.CA1F78BE19142E89A74509613FA21552.e.442}]
Capabilities {acceptInsecureCerts: false, browserName: chrome, browserVersion: 135.0.7049.116, chrome: {chromedriverVersion: 135.0.7049.114 (63fd8a7d9d0..., userDataDir: C:\Users\rushi\AppData\Loca...}, fedcm:accounts: true, goog:chromeOptions: {debuggerAddress: localhost:51895}, networkConnectionEnabled: false, pageLoadStrategy: normal, platformName: windows, proxy: Proxy(), se:cdp: ws://localhost:51895/devtoo..., se:cdpVersion: 135.0.7049.116, setWindowRect: true, strictFileInteractability: false, timeouts: {implicit: 0, pageLoad: 300000, script: 30000}, unhandledPromptBehavior: dismiss and notify, webauthn:extension:credBlob: true, webauthn:extension:largeBlob: true, webauthn:extension:minPinLength: true, webauthn:extension:prf: true, webauthn:virtualAuthenticators: true}
Element: [[ChromeDriver: chrome on windows (2954dcba15def434a56ff79bee15f205)] -&amp;gt; xpath: //span[text()=&amp;quot;Place Order&amp;quot;]]
Session ID: 2954dcba15def434a56ff79bee15f205">
      <![CDATA[org.openqa.selenium.ElementClickInterceptedException: element click intercepted: Element <span data-bind="i18n: '...'">Place Order</span> is not clickable at point (868, 396). Other element would receive the click: <img alt="Loading..." src="https://magento.softwaretestingboard.com/pub/static/version1695896754/frontend/Magento/luma/en_US/images/loader-2.gif">
  (Session info: chrome=135.0.7049.116)
Build info: version: '4.20.0', revision: '866c76ca80'
System info: os.name: 'Windows 11', os.arch: 'amd64', os.version: '10.0', java.version: '22.0.2'
Driver info: org.openqa.selenium.chrome.ChromeDriver
Command: [2954dcba15def434a56ff79bee15f205, clickElement {id=f.F58EF62B502B8133073FF87812D5E926.d.CA1F78BE19142E89A74509613FA21552.e.442}]
Capabilities {acceptInsecureCerts: false, browserName: chrome, browserVersion: 135.0.7049.116, chrome: {chromedriverVersion: 135.0.7049.114 (63fd8a7d9d0..., userDataDir: C:\Users\rushi\AppData\Loca...}, fedcm:accounts: true, goog:chromeOptions: {debuggerAddress: localhost:51895}, networkConnectionEnabled: false, pageLoadStrategy: normal, platformName: windows, proxy: Proxy(), se:cdp: ws://localhost:51895/devtoo..., se:cdpVersion: 135.0.7049.116, setWindowRect: true, strictFileInteractability: false, timeouts: {implicit: 0, pageLoad: 300000, script: 30000}, unhandledPromptBehavior: dismiss and notify, webauthn:extension:credBlob: true, webauthn:extension:largeBlob: true, webauthn:extension:minPinLength: true, webauthn:extension:prf: true, webauthn:virtualAuthenticators: true}
Element: [[ChromeDriver: chrome on windows (2954dcba15def434a56ff79bee15f205)] -> xpath: //span[text()="Place Order"]]
Session ID: 2954dcba15def434a56ff79bee15f205
at org.openqa.selenium.remote.ErrorCodec.decode(ErrorCodec.java:167)
at org.openqa.selenium.remote.codec.w3c.W3CHttpResponseCodec.decode(W3CHttpResponseCodec.java:138)
at org.openqa.selenium.remote.codec.w3c.W3CHttpResponseCodec.decode(W3CHttpResponseCodec.java:50)
at org.openqa.selenium.remote.HttpCommandExecutor.execute(HttpCommandExecutor.java:190)
at org.openqa.selenium.remote.service.DriverCommandExecutor.invokeExecute(DriverCommandExecutor.java:216)
at org.openqa.selenium.remote.service.DriverCommandExecutor.execute(DriverCommandExecutor.java:174)
at org.openqa.selenium.remote.RemoteWebDriver.execute(RemoteWebDriver.java:518)
at org.openqa.selenium.remote.RemoteWebElement.execute(RemoteWebElement.java:223)
at org.openqa.selenium.remote.RemoteWebElement.click(RemoteWebElement.java:76)
at org.openqa.selenium.support.pagefactory.internal.LocatingElementHandler.invoke(LocatingElementHandler.java:51)
at jdk.proxy2/jdk.proxy2.$Proxy11.click(Unknown Source)
at Luma.Luma_Addtocart.clickonplaceorder(Luma_Addtocart.java:201)
at Luma.Testcase2_Addtocart.testcase2(Testcase2_Addtocart.java:60)
at java.base/java.util.ArrayList.forEach(ArrayList.java:1597)
... Removed 34 stack frames]]>
    </failure>
  </testcase> <!-- testcase2 -->
  <testcase classname="Luma.Testcase1_SignIn" name="Testcase1" time="8.117"/>
</testsuite> <!-- Test -->
