<?xml version="1.0" encoding="UTF-8"?>
<testng-results ignored="0" total="1" passed="1" failed="0" skipped="0">
  <reporter-output>
  </reporter-output>
  <suite started-at="2025-05-01T14:58:51 IST" name="Default suite" finished-at="2025-05-01T15:00:18 IST" duration-ms="86648">
    <groups>
    </groups>
    <test started-at="2025-05-01T14:58:51 IST" name="Default test" finished-at="2025-05-01T15:00:18 IST" duration-ms="86648">
      <class name="Luma.Testcase1_SignIn">
        <test-method is-config="true" signature="Launch()[pri:0, instance:Luma.Testcase1_SignIn@7b36aa0c]" started-at="2025-05-01T14:58:51 IST" name="Launch" finished-at="2025-05-01T15:00:02 IST" duration-ms="70494" status="PASS">
          <reporter-output>
          </reporter-output>
        </test-method> <!-- Launch -->
        <test-method signature="Testcase1()[pri:0, instance:Luma.Testcase1_SignIn@7b36aa0c]" started-at="2025-05-01T15:00:02 IST" name="Testcase1" finished-at="2025-05-01T15:00:16 IST" duration-ms="13583" status="PASS">
          <reporter-output>
          </reporter-output>
        </test-method> <!-- Testcase1 -->
        <test-method is-config="true" signature="quit()[pri:0, instance:Luma.Testcase1_SignIn@7b36aa0c]" started-at="2025-05-01T15:00:16 IST" name="quit" finished-at="2025-05-01T15:00:18 IST" duration-ms="2004" status="PASS">
          <reporter-output>
          </reporter-output>
        </test-method> <!-- quit -->
      </class> <!-- Luma.Testcase1_SignIn -->
    </test> <!-- Default test -->
  </suite> <!-- Default suite -->
</testng-results>
